[0.006s] Invoking command in '/home/dheeraj/ws_ddmobile/build/mobile_dd_robot': CMAKE_PREFIX_PATH=/opt/ros/humble /usr/bin/cmake --build /home/dheeraj/ws_ddmobile/build/mobile_dd_robot -- -j16 -l16
[0.022s] -- Found ament_cmake: 1.3.11 (/opt/ros/humble/share/ament_cmake/cmake)
[0.098s] -- Found ament_lint_auto: 0.12.11 (/opt/ros/humble/share/ament_lint_auto/cmake)
[0.138s] -- Added test 'flake8' to check Python code syntax and style conventions
[0.138s] -- Added test 'lint_cmake' to check CMake code style
[0.138s] -- Added test 'pep257' to check Python code against some of the docstring style conventions in PEP 257
[0.139s] -- Added test 'xmllint' to check XML markup files
[0.139s] -- Configuring done
[0.140s] -- Generating done
[0.141s] -- Build files have been written to: /home/dheeraj/ws_ddmobile/build/mobile_dd_robot
[0.154s] Invoked command in '/home/dheeraj/ws_ddmobile/build/mobile_dd_robot' returned '0': CMAKE_PREFIX_PATH=/opt/ros/humble /usr/bin/cmake --build /home/dheeraj/ws_ddmobile/build/mobile_dd_robot -- -j16 -l16
[0.162s] Invoking command in '/home/dheeraj/ws_ddmobile/build/mobile_dd_robot': CMAKE_PREFIX_PATH=/opt/ros/humble /usr/bin/cmake --install /home/dheeraj/ws_ddmobile/build/mobile_dd_robot
[0.167s] -- Install configuration: ""
[0.167s] -- Installing: /home/dheeraj/ws_ddmobile/install/mobile_dd_robot/share/mobile_dd_robot/launch
[0.167s] -- Installing: /home/dheeraj/ws_ddmobile/install/mobile_dd_robot/share/mobile_dd_robot/launch/gazebo_model.launch.py
[0.167s] -- Installing: /home/dheeraj/ws_ddmobile/install/mobile_dd_robot/share/mobile_dd_robot/model
[0.167s] -- Installing: /home/dheeraj/ws_ddmobile/install/mobile_dd_robot/share/mobile_dd_robot/model/robot.xacro
[0.167s] -- Installing: /home/dheeraj/ws_ddmobile/install/mobile_dd_robot/share/mobile_dd_robot/model/robot.gazebo
[0.167s] -- Installing: /home/dheeraj/ws_ddmobile/install/mobile_dd_robot/share/ament_index/resource_index/package_run_dependencies/mobile_dd_robot
[0.167s] -- Up-to-date: /home/dheeraj/ws_ddmobile/install/mobile_dd_robot/share/ament_index/resource_index/parent_prefix_path/mobile_dd_robot
[0.167s] -- Up-to-date: /home/dheeraj/ws_ddmobile/install/mobile_dd_robot/share/mobile_dd_robot/environment/ament_prefix_path.sh
[0.167s] -- Installing: /home/dheeraj/ws_ddmobile/install/mobile_dd_robot/share/mobile_dd_robot/environment/ament_prefix_path.dsv
[0.167s] -- Up-to-date: /home/dheeraj/ws_ddmobile/install/mobile_dd_robot/share/mobile_dd_robot/environment/path.sh
[0.167s] -- Installing: /home/dheeraj/ws_ddmobile/install/mobile_dd_robot/share/mobile_dd_robot/environment/path.dsv
[0.167s] -- Up-to-date: /home/dheeraj/ws_ddmobile/install/mobile_dd_robot/share/mobile_dd_robot/local_setup.bash
[0.167s] -- Up-to-date: /home/dheeraj/ws_ddmobile/install/mobile_dd_robot/share/mobile_dd_robot/local_setup.sh
[0.167s] -- Up-to-date: /home/dheeraj/ws_ddmobile/install/mobile_dd_robot/share/mobile_dd_robot/local_setup.zsh
[0.167s] -- Installing: /home/dheeraj/ws_ddmobile/install/mobile_dd_robot/share/mobile_dd_robot/local_setup.dsv
[0.167s] -- Installing: /home/dheeraj/ws_ddmobile/install/mobile_dd_robot/share/mobile_dd_robot/package.dsv
[0.167s] -- Up-to-date: /home/dheeraj/ws_ddmobile/install/mobile_dd_robot/share/ament_index/resource_index/packages/mobile_dd_robot
[0.167s] -- Up-to-date: /home/dheeraj/ws_ddmobile/install/mobile_dd_robot/share/mobile_dd_robot/cmake/mobile_dd_robotConfig.cmake
[0.167s] -- Up-to-date: /home/dheeraj/ws_ddmobile/install/mobile_dd_robot/share/mobile_dd_robot/cmake/mobile_dd_robotConfig-version.cmake
[0.167s] -- Installing: /home/dheeraj/ws_ddmobile/install/mobile_dd_robot/share/mobile_dd_robot/package.xml
[0.168s] Invoked command in '/home/dheeraj/ws_ddmobile/build/mobile_dd_robot' returned '0': CMAKE_PREFIX_PATH=/opt/ros/humble /usr/bin/cmake --install /home/dheeraj/ws_ddmobile/build/mobile_dd_robot
