[0.066s] DEBUG:colcon:Command line arguments: ['/usr/bin/colcon', 'build']
[0.066s] DEBUG:colcon:Parsed command line arguments: Namespace(log_base=None, log_level=None, verb_name='build', build_base='build', install_base='install', merge_install=False, symlink_install=False, test_result_base=None, continue_on_error=False, executor='parallel', parallel_workers=16, event_handlers=None, ignore_user_meta=False, metas=['./colcon.meta'], base_paths=['.'], packages_ignore=None, packages_ignore_regex=None, paths=None, packages_up_to=None, packages_up_to_regex=None, packages_above=None, packages_above_and_dependencies=None, packages_above_depth=None, packages_select_by_dep=None, packages_skip_by_dep=None, packages_skip_up_to=None, packages_select_build_failed=False, packages_skip_build_finished=False, packages_select_test_failures=False, packages_skip_test_passed=False, packages_select=None, packages_skip=None, packages_select_regex=None, packages_skip_regex=None, packages_start=None, packages_end=None, allow_overriding=[], cmake_args=None, cmake_target=None, cmake_target_skip_unavailable=False, cmake_clean_cache=False, cmake_clean_first=False, cmake_force_configure=False, ament_cmake_args=None, catkin_cmake_args=None, catkin_skip_building_tests=False, mixin_files=None, mixin=None, verb_parser=<colcon_mixin.mixin.mixin_argument.MixinArgumentDecorator object at 0x75a1e4965e10>, verb_extension=<colcon_core.verb.build.BuildVerb object at 0x75a1e4965930>, main=<bound method BuildVerb.main of <colcon_core.verb.build.BuildVerb object at 0x75a1e4965930>>, mixin_verb=('build',))
[0.150s] Level 1:colcon.colcon_core.package_discovery:discover_packages(colcon_meta) check parameters
[0.150s] Level 1:colcon.colcon_core.package_discovery:discover_packages(recursive) check parameters
[0.150s] Level 1:colcon.colcon_core.package_discovery:discover_packages(ignore) check parameters
[0.150s] Level 1:colcon.colcon_core.package_discovery:discover_packages(path) check parameters
[0.150s] Level 1:colcon.colcon_core.package_discovery:discover_packages(colcon_meta) discover
[0.150s] Level 1:colcon.colcon_core.package_discovery:discover_packages(recursive) discover
[0.150s] INFO:colcon.colcon_core.package_discovery:Crawling recursively for packages in '/home/dheeraj/dheerajj_horizon_s4/task4'
[0.150s] Level 1:colcon.colcon_core.package_identification:_identify(.) by extensions ['ignore', 'ignore_ament_install']
[0.150s] Level 1:colcon.colcon_core.package_identification:_identify(.) by extension 'ignore'
[0.150s] Level 1:colcon.colcon_core.package_identification:_identify(.) by extension 'ignore_ament_install'
[0.150s] Level 1:colcon.colcon_core.package_identification:_identify(.) by extensions ['colcon_pkg']
[0.150s] Level 1:colcon.colcon_core.package_identification:_identify(.) by extension 'colcon_pkg'
[0.150s] Level 1:colcon.colcon_core.package_identification:_identify(.) by extensions ['colcon_meta']
[0.150s] Level 1:colcon.colcon_core.package_identification:_identify(.) by extension 'colcon_meta'
[0.150s] Level 1:colcon.colcon_core.package_identification:_identify(.) by extensions ['ros']
[0.150s] Level 1:colcon.colcon_core.package_identification:_identify(.) by extension 'ros'
[0.156s] Level 1:colcon.colcon_core.package_identification:_identify(.) by extensions ['cmake', 'python']
[0.156s] Level 1:colcon.colcon_core.package_identification:_identify(.) by extension 'cmake'
[0.156s] Level 1:colcon.colcon_core.package_identification:_identify(.) by extension 'python'
[0.156s] Level 1:colcon.colcon_core.package_identification:_identify(.) by extensions ['python_setup_py']
[0.156s] Level 1:colcon.colcon_core.package_identification:_identify(.) by extension 'python_setup_py'
[0.156s] Level 1:colcon.colcon_core.package_identification:_identify(build) by extensions ['ignore', 'ignore_ament_install']
[0.156s] Level 1:colcon.colcon_core.package_identification:_identify(build) by extension 'ignore'
[0.156s] Level 1:colcon.colcon_core.package_identification:_identify(build) ignored
[0.156s] Level 1:colcon.colcon_core.package_identification:_identify(install) by extensions ['ignore', 'ignore_ament_install']
[0.156s] Level 1:colcon.colcon_core.package_identification:_identify(install) by extension 'ignore'
[0.156s] Level 1:colcon.colcon_core.package_identification:_identify(install) ignored
[0.156s] Level 1:colcon.colcon_core.package_identification:_identify(log) by extensions ['ignore', 'ignore_ament_install']
[0.156s] Level 1:colcon.colcon_core.package_identification:_identify(log) by extension 'ignore'
[0.156s] Level 1:colcon.colcon_core.package_identification:_identify(log) ignored
[0.157s] Level 1:colcon.colcon_core.package_identification:_identify(src) by extensions ['ignore', 'ignore_ament_install']
[0.157s] Level 1:colcon.colcon_core.package_identification:_identify(src) by extension 'ignore'
[0.157s] Level 1:colcon.colcon_core.package_identification:_identify(src) by extension 'ignore_ament_install'
[0.157s] Level 1:colcon.colcon_core.package_identification:_identify(src) by extensions ['colcon_pkg']
[0.157s] Level 1:colcon.colcon_core.package_identification:_identify(src) by extension 'colcon_pkg'
[0.157s] Level 1:colcon.colcon_core.package_identification:_identify(src) by extensions ['colcon_meta']
[0.157s] Level 1:colcon.colcon_core.package_identification:_identify(src) by extension 'colcon_meta'
[0.157s] Level 1:colcon.colcon_core.package_identification:_identify(src) by extensions ['ros']
[0.157s] Level 1:colcon.colcon_core.package_identification:_identify(src) by extension 'ros'
[0.157s] Level 1:colcon.colcon_core.package_identification:_identify(src) by extensions ['cmake', 'python']
[0.157s] Level 1:colcon.colcon_core.package_identification:_identify(src) by extension 'cmake'
[0.157s] Level 1:colcon.colcon_core.package_identification:_identify(src) by extension 'python'
[0.157s] Level 1:colcon.colcon_core.package_identification:_identify(src) by extensions ['python_setup_py']
[0.157s] Level 1:colcon.colcon_core.package_identification:_identify(src) by extension 'python_setup_py'
[0.157s] Level 1:colcon.colcon_core.package_identification:_identify(src/mobile_dd_robot) by extensions ['ignore', 'ignore_ament_install']
[0.157s] Level 1:colcon.colcon_core.package_identification:_identify(src/mobile_dd_robot) by extension 'ignore'
[0.157s] Level 1:colcon.colcon_core.package_identification:_identify(src/mobile_dd_robot) by extension 'ignore_ament_install'
[0.157s] Level 1:colcon.colcon_core.package_identification:_identify(src/mobile_dd_robot) by extensions ['colcon_pkg']
[0.157s] Level 1:colcon.colcon_core.package_identification:_identify(src/mobile_dd_robot) by extension 'colcon_pkg'
[0.157s] Level 1:colcon.colcon_core.package_identification:_identify(src/mobile_dd_robot) by extensions ['colcon_meta']
[0.157s] Level 1:colcon.colcon_core.package_identification:_identify(src/mobile_dd_robot) by extension 'colcon_meta'
[0.157s] Level 1:colcon.colcon_core.package_identification:_identify(src/mobile_dd_robot) by extensions ['ros']
[0.157s] Level 1:colcon.colcon_core.package_identification:_identify(src/mobile_dd_robot) by extension 'ros'
[0.159s] DEBUG:colcon.colcon_core.package_identification:Package 'src/mobile_dd_robot' with type 'ros.ament_cmake' and name 'mobile_dd_robot'
[0.159s] Level 1:colcon.colcon_core.package_discovery:discover_packages(recursive) using defaults
[0.159s] Level 1:colcon.colcon_core.package_discovery:discover_packages(ignore) discover
[0.159s] Level 1:colcon.colcon_core.package_discovery:discover_packages(ignore) using defaults
[0.159s] Level 1:colcon.colcon_core.package_discovery:discover_packages(path) discover
[0.159s] Level 1:colcon.colcon_core.package_discovery:discover_packages(path) using defaults
[0.173s] Level 1:colcon.colcon_core.package_discovery:discover_packages(prefix_path) check parameters
[0.173s] Level 1:colcon.colcon_core.package_discovery:discover_packages(prefix_path) discover
[0.174s] DEBUG:colcon.colcon_installed_package_information.package_discovery:Found 1 installed packages in /home/dheeraj/dheerajj_horizon_s4/task4/install
[0.175s] DEBUG:colcon.colcon_installed_package_information.package_discovery:Found 355 installed packages in /opt/ros/humble
[0.176s] Level 1:colcon.colcon_core.package_discovery:discover_packages(prefix_path) using defaults
[0.197s] Level 5:colcon.colcon_core.verb:set package 'mobile_dd_robot' build argument 'cmake_args' from command line to 'None'
[0.197s] Level 5:colcon.colcon_core.verb:set package 'mobile_dd_robot' build argument 'cmake_target' from command line to 'None'
[0.197s] Level 5:colcon.colcon_core.verb:set package 'mobile_dd_robot' build argument 'cmake_target_skip_unavailable' from command line to 'False'
[0.197s] Level 5:colcon.colcon_core.verb:set package 'mobile_dd_robot' build argument 'cmake_clean_cache' from command line to 'False'
[0.197s] Level 5:colcon.colcon_core.verb:set package 'mobile_dd_robot' build argument 'cmake_clean_first' from command line to 'False'
[0.197s] Level 5:colcon.colcon_core.verb:set package 'mobile_dd_robot' build argument 'cmake_force_configure' from command line to 'False'
[0.197s] Level 5:colcon.colcon_core.verb:set package 'mobile_dd_robot' build argument 'ament_cmake_args' from command line to 'None'
[0.197s] Level 5:colcon.colcon_core.verb:set package 'mobile_dd_robot' build argument 'catkin_cmake_args' from command line to 'None'
[0.197s] Level 5:colcon.colcon_core.verb:set package 'mobile_dd_robot' build argument 'catkin_skip_building_tests' from command line to 'False'
[0.197s] DEBUG:colcon.colcon_core.verb:Building package 'mobile_dd_robot' with the following arguments: {'ament_cmake_args': None, 'build_base': '/home/dheeraj/dheerajj_horizon_s4/task4/build/mobile_dd_robot', 'catkin_cmake_args': None, 'catkin_skip_building_tests': False, 'cmake_args': None, 'cmake_clean_cache': False, 'cmake_clean_first': False, 'cmake_force_configure': False, 'cmake_target': None, 'cmake_target_skip_unavailable': False, 'install_base': '/home/dheeraj/dheerajj_horizon_s4/task4/install/mobile_dd_robot', 'merge_install': False, 'path': '/home/dheeraj/dheerajj_horizon_s4/task4/src/mobile_dd_robot', 'symlink_install': False, 'test_result_base': None}
[0.197s] INFO:colcon.colcon_core.executor:Executing jobs using 'parallel' executor
[0.197s] DEBUG:colcon.colcon_parallel_executor.executor.parallel:run_until_complete
[0.198s] INFO:colcon.colcon_ros.task.ament_cmake.build:Building ROS package in '/home/dheeraj/dheerajj_horizon_s4/task4/src/mobile_dd_robot' with build type 'ament_cmake'
[0.198s] INFO:colcon.colcon_cmake.task.cmake.build:Building CMake package in '/home/dheeraj/dheerajj_horizon_s4/task4/src/mobile_dd_robot'
[0.199s] INFO:colcon.colcon_core.plugin_system:Skipping extension 'colcon_core.shell.bat': Not used on non-Windows systems
[0.199s] INFO:colcon.colcon_core.shell:Skip shell extension 'powershell' for command environment: Not usable outside of PowerShell
[0.199s] DEBUG:colcon.colcon_core.shell:Skip shell extension 'dsv' for command environment
[0.205s] DEBUG:colcon.colcon_core.event_handler.log_command:Invoking command in '/home/dheeraj/dheerajj_horizon_s4/task4/build/mobile_dd_robot': CMAKE_PREFIX_PATH=${CMAKE_PREFIX_PATH}:/opt/ros/humble /usr/bin/cmake --build /home/dheeraj/dheerajj_horizon_s4/task4/build/mobile_dd_robot -- -j16 -l16
[0.354s] DEBUG:colcon.colcon_core.event_handler.log_command:Invoked command in '/home/dheeraj/dheerajj_horizon_s4/task4/build/mobile_dd_robot' returned '0': CMAKE_PREFIX_PATH=${CMAKE_PREFIX_PATH}:/opt/ros/humble /usr/bin/cmake --build /home/dheeraj/dheerajj_horizon_s4/task4/build/mobile_dd_robot -- -j16 -l16
[0.360s] DEBUG:colcon.colcon_core.event_handler.log_command:Invoking command in '/home/dheeraj/dheerajj_horizon_s4/task4/build/mobile_dd_robot': CMAKE_PREFIX_PATH=${CMAKE_PREFIX_PATH}:/opt/ros/humble /usr/bin/cmake --install /home/dheeraj/dheerajj_horizon_s4/task4/build/mobile_dd_robot
[0.367s] Level 1:colcon.colcon_core.environment:create_environment_scripts_only(mobile_dd_robot)
[0.368s] DEBUG:colcon.colcon_core.event_handler.log_command:Invoked command in '/home/dheeraj/dheerajj_horizon_s4/task4/build/mobile_dd_robot' returned '0': CMAKE_PREFIX_PATH=${CMAKE_PREFIX_PATH}:/opt/ros/humble /usr/bin/cmake --install /home/dheeraj/dheerajj_horizon_s4/task4/build/mobile_dd_robot
[0.370s] Level 1:colcon.colcon_core.environment:checking '/home/dheeraj/dheerajj_horizon_s4/task4/install/mobile_dd_robot' for CMake module files
[0.371s] Level 1:colcon.colcon_core.environment:checking '/home/dheeraj/dheerajj_horizon_s4/task4/install/mobile_dd_robot' for CMake config files
[0.371s] Level 1:colcon.colcon_core.shell:create_environment_hook('mobile_dd_robot', 'cmake_prefix_path')
[0.371s] INFO:colcon.colcon_core.shell:Creating environment hook '/home/dheeraj/dheerajj_horizon_s4/task4/install/mobile_dd_robot/share/mobile_dd_robot/hook/cmake_prefix_path.ps1'
[0.372s] INFO:colcon.colcon_core.shell:Creating environment descriptor '/home/dheeraj/dheerajj_horizon_s4/task4/install/mobile_dd_robot/share/mobile_dd_robot/hook/cmake_prefix_path.dsv'
[0.372s] INFO:colcon.colcon_core.shell:Creating environment hook '/home/dheeraj/dheerajj_horizon_s4/task4/install/mobile_dd_robot/share/mobile_dd_robot/hook/cmake_prefix_path.sh'
[0.373s] Level 1:colcon.colcon_core.environment:checking '/home/dheeraj/dheerajj_horizon_s4/task4/install/mobile_dd_robot/bin'
[0.373s] Level 1:colcon.colcon_core.environment:checking '/home/dheeraj/dheerajj_horizon_s4/task4/install/mobile_dd_robot/lib/pkgconfig/mobile_dd_robot.pc'
[0.374s] Level 1:colcon.colcon_core.environment:checking '/home/dheeraj/dheerajj_horizon_s4/task4/install/mobile_dd_robot/lib/python3.10/site-packages'
[0.374s] Level 1:colcon.colcon_core.environment:checking '/home/dheeraj/dheerajj_horizon_s4/task4/install/mobile_dd_robot/bin'
[0.374s] INFO:colcon.colcon_core.shell:Creating package script '/home/dheeraj/dheerajj_horizon_s4/task4/install/mobile_dd_robot/share/mobile_dd_robot/package.ps1'
[0.375s] INFO:colcon.colcon_core.shell:Creating package descriptor '/home/dheeraj/dheerajj_horizon_s4/task4/install/mobile_dd_robot/share/mobile_dd_robot/package.dsv'
[0.375s] INFO:colcon.colcon_core.shell:Creating package script '/home/dheeraj/dheerajj_horizon_s4/task4/install/mobile_dd_robot/share/mobile_dd_robot/package.sh'
[0.376s] INFO:colcon.colcon_core.shell:Creating package script '/home/dheeraj/dheerajj_horizon_s4/task4/install/mobile_dd_robot/share/mobile_dd_robot/package.bash'
[0.376s] INFO:colcon.colcon_core.shell:Creating package script '/home/dheeraj/dheerajj_horizon_s4/task4/install/mobile_dd_robot/share/mobile_dd_robot/package.zsh'
[0.377s] Level 1:colcon.colcon_core.environment:create_file_with_runtime_dependencies(/home/dheeraj/dheerajj_horizon_s4/task4/install/mobile_dd_robot/share/colcon-core/packages/mobile_dd_robot)
[0.377s] Level 1:colcon.colcon_core.environment:create_environment_scripts_only(mobile_dd_robot)
[0.377s] Level 1:colcon.colcon_core.environment:checking '/home/dheeraj/dheerajj_horizon_s4/task4/install/mobile_dd_robot' for CMake module files
[0.377s] Level 1:colcon.colcon_core.environment:checking '/home/dheeraj/dheerajj_horizon_s4/task4/install/mobile_dd_robot' for CMake config files
[0.377s] Level 1:colcon.colcon_core.shell:create_environment_hook('mobile_dd_robot', 'cmake_prefix_path')
[0.378s] INFO:colcon.colcon_core.shell:Creating environment hook '/home/dheeraj/dheerajj_horizon_s4/task4/install/mobile_dd_robot/share/mobile_dd_robot/hook/cmake_prefix_path.ps1'
[0.378s] INFO:colcon.colcon_core.shell:Creating environment descriptor '/home/dheeraj/dheerajj_horizon_s4/task4/install/mobile_dd_robot/share/mobile_dd_robot/hook/cmake_prefix_path.dsv'
[0.378s] INFO:colcon.colcon_core.shell:Creating environment hook '/home/dheeraj/dheerajj_horizon_s4/task4/install/mobile_dd_robot/share/mobile_dd_robot/hook/cmake_prefix_path.sh'
[0.378s] Level 1:colcon.colcon_core.environment:checking '/home/dheeraj/dheerajj_horizon_s4/task4/install/mobile_dd_robot/bin'
[0.378s] Level 1:colcon.colcon_core.environment:checking '/home/dheeraj/dheerajj_horizon_s4/task4/install/mobile_dd_robot/lib/pkgconfig/mobile_dd_robot.pc'
[0.378s] Level 1:colcon.colcon_core.environment:checking '/home/dheeraj/dheerajj_horizon_s4/task4/install/mobile_dd_robot/lib/python3.10/site-packages'
[0.378s] Level 1:colcon.colcon_core.environment:checking '/home/dheeraj/dheerajj_horizon_s4/task4/install/mobile_dd_robot/bin'
[0.379s] INFO:colcon.colcon_core.shell:Creating package script '/home/dheeraj/dheerajj_horizon_s4/task4/install/mobile_dd_robot/share/mobile_dd_robot/package.ps1'
[0.379s] INFO:colcon.colcon_core.shell:Creating package descriptor '/home/dheeraj/dheerajj_horizon_s4/task4/install/mobile_dd_robot/share/mobile_dd_robot/package.dsv'
[0.379s] INFO:colcon.colcon_core.shell:Creating package script '/home/dheeraj/dheerajj_horizon_s4/task4/install/mobile_dd_robot/share/mobile_dd_robot/package.sh'
[0.379s] INFO:colcon.colcon_core.shell:Creating package script '/home/dheeraj/dheerajj_horizon_s4/task4/install/mobile_dd_robot/share/mobile_dd_robot/package.bash'
[0.379s] INFO:colcon.colcon_core.shell:Creating package script '/home/dheeraj/dheerajj_horizon_s4/task4/install/mobile_dd_robot/share/mobile_dd_robot/package.zsh'
[0.380s] Level 1:colcon.colcon_core.environment:create_file_with_runtime_dependencies(/home/dheeraj/dheerajj_horizon_s4/task4/install/mobile_dd_robot/share/colcon-core/packages/mobile_dd_robot)
[0.380s] DEBUG:colcon.colcon_parallel_executor.executor.parallel:closing loop
[0.380s] DEBUG:colcon.colcon_parallel_executor.executor.parallel:loop closed
[0.380s] DEBUG:colcon.colcon_parallel_executor.executor.parallel:run_until_complete finished with '0'
[0.380s] DEBUG:colcon.colcon_core.event_reactor:joining thread
[0.383s] INFO:colcon.colcon_core.plugin_system:Skipping extension 'colcon_notification.desktop_notification.terminal_notifier': Not used on non-Darwin systems
[0.383s] INFO:colcon.colcon_core.plugin_system:Skipping extension 'colcon_notification.desktop_notification.win32': Not used on non-Windows systems
[0.383s] INFO:colcon.colcon_notification.desktop_notification:Sending desktop notification using 'notify2'
[0.395s] DEBUG:colcon.colcon_core.event_reactor:joined thread
[0.395s] INFO:colcon.colcon_core.shell:Creating prefix script '/home/dheeraj/dheerajj_horizon_s4/task4/install/local_setup.ps1'
[0.396s] INFO:colcon.colcon_core.shell:Creating prefix util module '/home/dheeraj/dheerajj_horizon_s4/task4/install/_local_setup_util_ps1.py'
[0.396s] INFO:colcon.colcon_core.shell:Creating prefix chain script '/home/dheeraj/dheerajj_horizon_s4/task4/install/setup.ps1'
[0.397s] INFO:colcon.colcon_core.shell:Creating prefix script '/home/dheeraj/dheerajj_horizon_s4/task4/install/local_setup.sh'
[0.397s] INFO:colcon.colcon_core.shell:Creating prefix util module '/home/dheeraj/dheerajj_horizon_s4/task4/install/_local_setup_util_sh.py'
[0.398s] INFO:colcon.colcon_core.shell:Creating prefix chain script '/home/dheeraj/dheerajj_horizon_s4/task4/install/setup.sh'
[0.398s] INFO:colcon.colcon_core.shell:Creating prefix script '/home/dheeraj/dheerajj_horizon_s4/task4/install/local_setup.bash'
[0.398s] INFO:colcon.colcon_core.shell:Creating prefix chain script '/home/dheeraj/dheerajj_horizon_s4/task4/install/setup.bash'
[0.399s] INFO:colcon.colcon_core.shell:Creating prefix script '/home/dheeraj/dheerajj_horizon_s4/task4/install/local_setup.zsh'
[0.399s] INFO:colcon.colcon_core.shell:Creating prefix chain script '/home/dheeraj/dheerajj_horizon_s4/task4/install/setup.zsh'
