[0mCMake Error: The current CMakeCache.txt directory /home/dheeraj/dheerajj_horizon_s4/bonus task/build/mobile_dd_robot/CMakeCache.txt is different than the directory /home/dheeraj/ws_ddmobile/build/mobile_dd_robot where CMakeCache.txt was created. This may result in binaries being created in the wrong place. If you are not sure, reedit the CMakeCache.txt[0m
-- Install configuration: ""
-- Up-to-date: /home/dheeraj/ws_ddmobile/install/mobile_dd_robot/share/mobile_dd_robot/launch
-- Up-to-date: /home/dheeraj/ws_ddmobile/install/mobile_dd_robot/share/mobile_dd_robot/launch/gazebo_model.launch.py
-- Up-to-date: /home/dheeraj/ws_ddmobile/install/mobile_dd_robot/share/mobile_dd_robot/model
-- Up-to-date: /home/dheeraj/ws_ddmobile/install/mobile_dd_robot/share/mobile_dd_robot/model/robot.xacro
-- Up-to-date: /home/dheeraj/ws_ddmobile/install/mobile_dd_robot/share/mobile_dd_robot/model/robot.gazebo
-- Up-to-date: /home/dheeraj/ws_ddmobile/install/mobile_dd_robot/share/ament_index/resource_index/package_run_dependencies/mobile_dd_robot
-- Up-to-date: /home/dheeraj/ws_ddmobile/install/mobile_dd_robot/share/ament_index/resource_index/parent_prefix_path/mobile_dd_robot
-- Up-to-date: /home/dheeraj/ws_ddmobile/install/mobile_dd_robot/share/mobile_dd_robot/environment/ament_prefix_path.sh
-- Up-to-date: /home/dheeraj/ws_ddmobile/install/mobile_dd_robot/share/mobile_dd_robot/environment/ament_prefix_path.dsv
-- Up-to-date: /home/dheeraj/ws_ddmobile/install/mobile_dd_robot/share/mobile_dd_robot/environment/path.sh
-- Up-to-date: /home/dheeraj/ws_ddmobile/install/mobile_dd_robot/share/mobile_dd_robot/environment/path.dsv
-- Up-to-date: /home/dheeraj/ws_ddmobile/install/mobile_dd_robot/share/mobile_dd_robot/local_setup.bash
-- Up-to-date: /home/dheeraj/ws_ddmobile/install/mobile_dd_robot/share/mobile_dd_robot/local_setup.sh
-- Up-to-date: /home/dheeraj/ws_ddmobile/install/mobile_dd_robot/share/mobile_dd_robot/local_setup.zsh
-- Up-to-date: /home/dheeraj/ws_ddmobile/install/mobile_dd_robot/share/mobile_dd_robot/local_setup.dsv
-- Installing: /home/dheeraj/ws_ddmobile/install/mobile_dd_robot/share/mobile_dd_robot/package.dsv
-- Up-to-date: /home/dheeraj/ws_ddmobile/install/mobile_dd_robot/share/ament_index/resource_index/packages/mobile_dd_robot
-- Up-to-date: /home/dheeraj/ws_ddmobile/install/mobile_dd_robot/share/mobile_dd_robot/cmake/mobile_dd_robotConfig.cmake
-- Up-to-date: /home/dheeraj/ws_ddmobile/install/mobile_dd_robot/share/mobile_dd_robot/cmake/mobile_dd_robotConfig-version.cmake
-- Up-to-date: /home/dheeraj/ws_ddmobile/install/mobile_dd_robot/share/mobile_dd_robot/package.xml
