[0.007s] Invoking command in '/home/dheeraj/dheerajj_horizon_s4/task4/build/mobile_dd_robot': CMAKE_PREFIX_PATH=${CMAKE_PREFIX_PATH}:/opt/ros/humble /usr/bin/cmake --build /home/dheeraj/dheerajj_horizon_s4/task4/build/mobile_dd_robot -- -j16 -l16
[0.009s] [0mCMake Error: The current CMakeCache.txt directory /home/dheeraj/dheerajj_horizon_s4/task4/build/mobile_dd_robot/CMakeCache.txt is different than the directory /home/dheeraj/ws_ddmobile/build/mobile_dd_robot where CMakeCache.txt was created. This may result in binaries being created in the wrong place. If you are not sure, reedit the CMakeCache.txt[0m
[0.026s] -- Found ament_cmake: 1.3.11 (/opt/ros/humble/share/ament_cmake/cmake)
[0.095s] -- Found ament_lint_auto: 0.12.11 (/opt/ros/humble/share/ament_lint_auto/cmake)
[0.142s] -- Added test 'flake8' to check Python code syntax and style conventions
[0.142s] -- Added test 'lint_cmake' to check CMake code style
[0.142s] -- Added test 'pep257' to check Python code against some of the docstring style conventions in PEP 257
[0.143s] -- Added test 'xmllint' to check XML markup files
[0.144s] -- Configuring done
[0.147s] -- Generating done
[0.148s] -- Build files have been written to: /home/dheeraj/ws_ddmobile/build/mobile_dd_robot
[0.156s] Invoked command in '/home/dheeraj/dheerajj_horizon_s4/task4/build/mobile_dd_robot' returned '0': CMAKE_PREFIX_PATH=${CMAKE_PREFIX_PATH}:/opt/ros/humble /usr/bin/cmake --build /home/dheeraj/dheerajj_horizon_s4/task4/build/mobile_dd_robot -- -j16 -l16
[0.162s] Invoking command in '/home/dheeraj/dheerajj_horizon_s4/task4/build/mobile_dd_robot': CMAKE_PREFIX_PATH=${CMAKE_PREFIX_PATH}:/opt/ros/humble /usr/bin/cmake --install /home/dheeraj/dheerajj_horizon_s4/task4/build/mobile_dd_robot
[0.166s] -- Install configuration: ""
[0.167s] -- Up-to-date: /home/dheeraj/ws_ddmobile/install/mobile_dd_robot/share/mobile_dd_robot/launch
[0.167s] -- Up-to-date: /home/dheeraj/ws_ddmobile/install/mobile_dd_robot/share/mobile_dd_robot/launch/gazebo_model.launch.py
[0.167s] -- Up-to-date: /home/dheeraj/ws_ddmobile/install/mobile_dd_robot/share/mobile_dd_robot/model
[0.167s] -- Up-to-date: /home/dheeraj/ws_ddmobile/install/mobile_dd_robot/share/mobile_dd_robot/model/robot.xacro
[0.167s] -- Up-to-date: /home/dheeraj/ws_ddmobile/install/mobile_dd_robot/share/mobile_dd_robot/model/robot.gazebo
[0.167s] -- Up-to-date: /home/dheeraj/ws_ddmobile/install/mobile_dd_robot/share/ament_index/resource_index/package_run_dependencies/mobile_dd_robot
[0.167s] -- Installing: /home/dheeraj/ws_ddmobile/install/mobile_dd_robot/share/ament_index/resource_index/parent_prefix_path/mobile_dd_robot
[0.167s] -- Up-to-date: /home/dheeraj/ws_ddmobile/install/mobile_dd_robot/share/mobile_dd_robot/environment/ament_prefix_path.sh
[0.168s] -- Installing: /home/dheeraj/ws_ddmobile/install/mobile_dd_robot/share/mobile_dd_robot/environment/ament_prefix_path.dsv
[0.168s] -- Up-to-date: /home/dheeraj/ws_ddmobile/install/mobile_dd_robot/share/mobile_dd_robot/environment/path.sh
[0.168s] -- Installing: /home/dheeraj/ws_ddmobile/install/mobile_dd_robot/share/mobile_dd_robot/environment/path.dsv
[0.168s] -- Up-to-date: /home/dheeraj/ws_ddmobile/install/mobile_dd_robot/share/mobile_dd_robot/local_setup.bash
[0.168s] -- Up-to-date: /home/dheeraj/ws_ddmobile/install/mobile_dd_robot/share/mobile_dd_robot/local_setup.sh
[0.168s] -- Up-to-date: /home/dheeraj/ws_ddmobile/install/mobile_dd_robot/share/mobile_dd_robot/local_setup.zsh
[0.168s] -- Installing: /home/dheeraj/ws_ddmobile/install/mobile_dd_robot/share/mobile_dd_robot/local_setup.dsv
[0.168s] -- Installing: /home/dheeraj/ws_ddmobile/install/mobile_dd_robot/share/mobile_dd_robot/package.dsv
[0.168s] -- Up-to-date: /home/dheeraj/ws_ddmobile/install/mobile_dd_robot/share/ament_index/resource_index/packages/mobile_dd_robot
[0.168s] -- Up-to-date: /home/dheeraj/ws_ddmobile/install/mobile_dd_robot/share/mobile_dd_robot/cmake/mobile_dd_robotConfig.cmake
[0.168s] -- Up-to-date: /home/dheeraj/ws_ddmobile/install/mobile_dd_robot/share/mobile_dd_robot/cmake/mobile_dd_robotConfig-version.cmake
[0.168s] -- Up-to-date: /home/dheeraj/ws_ddmobile/install/mobile_dd_robot/share/mobile_dd_robot/package.xml
[0.170s] Invoked command in '/home/dheeraj/dheerajj_horizon_s4/task4/build/mobile_dd_robot' returned '0': CMAKE_PREFIX_PATH=${CMAKE_PREFIX_PATH}:/opt/ros/humble /usr/bin/cmake --install /home/dheeraj/dheerajj_horizon_s4/task4/build/mobile_dd_robot
