[0.006s] Invoking command in '/home/dheeraj/dheerajj_horizon_s4/bonus task/src/mobile_dd_robot/build/mobile_dd_robot': CMAKE_PREFIX_PATH=${CMAKE_PREFIX_PATH}:/opt/ros/humble /usr/bin/cmake /home/dheeraj/dheerajj_horizon_s4/bonus task/src/mobile_dd_robot -DCMAKE_INSTALL_PREFIX=/home/dheeraj/dheerajj_horizon_s4/bonus task/src/mobile_dd_robot/install/mobile_dd_robot
[0.081s] -- The C compiler identification is GNU 11.4.0
[0.139s] -- The CXX compiler identification is GNU 11.4.0
[0.146s] -- Detecting C compiler ABI info
[0.193s] -- Detecting C compiler ABI info - done
[0.200s] -- Check for working C compiler: /usr/bin/cc - skipped
[0.200s] -- Detecting C compile features
[0.200s] -- Detecting C compile features - done
[0.202s] -- Detecting CXX compiler ABI info
[0.256s] -- Detecting CXX compiler ABI info - done
[0.260s] -- Check for working CXX compiler: /usr/bin/c++ - skipped
[0.260s] -- Detecting CXX compile features
[0.260s] -- Detecting CXX compile features - done
[0.262s] -- Found ament_cmake: 1.3.11 (/opt/ros/humble/share/ament_cmake/cmake)
[0.362s] -- Found Python3: /usr/bin/python3 (found version "3.10.12") found components: Interpreter 
[0.422s] -- Found ament_lint_auto: 0.12.11 (/opt/ros/humble/share/ament_lint_auto/cmake)
[0.468s] -- Added test 'cppcheck' to perform static code analysis on C / C++ code
[0.468s] -- Configured cppcheck include dirs: 
[0.468s] -- Configured cppcheck exclude dirs and/or files: 
[0.469s] -- Added test 'flake8' to check Python code syntax and style conventions
[0.469s] -- Added test 'lint_cmake' to check CMake code style
[0.470s] -- Added test 'pep257' to check Python code against some of the docstring style conventions in PEP 257
[0.472s] -- Added test 'uncrustify' to check C / C++ code style
[0.472s] -- Configured uncrustify additional arguments: 
[0.472s] -- Added test 'xmllint' to check XML markup files
[0.473s] -- Configuring done
[0.474s] -- Generating done
[0.475s] -- Build files have been written to: /home/dheeraj/dheerajj_horizon_s4/bonus task/src/mobile_dd_robot/build/mobile_dd_robot
[0.477s] Invoked command in '/home/dheeraj/dheerajj_horizon_s4/bonus task/src/mobile_dd_robot/build/mobile_dd_robot' returned '0': CMAKE_PREFIX_PATH=${CMAKE_PREFIX_PATH}:/opt/ros/humble /usr/bin/cmake /home/dheeraj/dheerajj_horizon_s4/bonus task/src/mobile_dd_robot -DCMAKE_INSTALL_PREFIX=/home/dheeraj/dheerajj_horizon_s4/bonus task/src/mobile_dd_robot/install/mobile_dd_robot
[0.478s] Invoking command in '/home/dheeraj/dheerajj_horizon_s4/bonus task/src/mobile_dd_robot/build/mobile_dd_robot': CMAKE_PREFIX_PATH=${CMAKE_PREFIX_PATH}:/opt/ros/humble /usr/bin/cmake --build /home/dheeraj/dheerajj_horizon_s4/bonus task/src/mobile_dd_robot/build/mobile_dd_robot -- -j16 -l16
[0.506s] Invoked command in '/home/dheeraj/dheerajj_horizon_s4/bonus task/src/mobile_dd_robot/build/mobile_dd_robot' returned '0': CMAKE_PREFIX_PATH=${CMAKE_PREFIX_PATH}:/opt/ros/humble /usr/bin/cmake --build /home/dheeraj/dheerajj_horizon_s4/bonus task/src/mobile_dd_robot/build/mobile_dd_robot -- -j16 -l16
[0.514s] Invoking command in '/home/dheeraj/dheerajj_horizon_s4/bonus task/src/mobile_dd_robot/build/mobile_dd_robot': CMAKE_PREFIX_PATH=${CMAKE_PREFIX_PATH}:/opt/ros/humble /usr/bin/cmake --install /home/dheeraj/dheerajj_horizon_s4/bonus task/src/mobile_dd_robot/build/mobile_dd_robot
[0.520s] -- Install configuration: ""
[0.521s] -- Installing: /home/dheeraj/dheerajj_horizon_s4/bonus task/src/mobile_dd_robot/install/mobile_dd_robot/share/mobile_dd_robot/launch
[0.521s] -- Installing: /home/dheeraj/dheerajj_horizon_s4/bonus task/src/mobile_dd_robot/install/mobile_dd_robot/share/mobile_dd_robot/launch/gazebo_model.launch.py
[0.521s] -- Installing: /home/dheeraj/dheerajj_horizon_s4/bonus task/src/mobile_dd_robot/install/mobile_dd_robot/share/mobile_dd_robot/model
[0.521s] -- Installing: /home/dheeraj/dheerajj_horizon_s4/bonus task/src/mobile_dd_robot/install/mobile_dd_robot/share/mobile_dd_robot/model/robot.xacro
[0.521s] -- Installing: /home/dheeraj/dheerajj_horizon_s4/bonus task/src/mobile_dd_robot/install/mobile_dd_robot/share/mobile_dd_robot/model/robot.gazebo
[0.521s] -- Installing: /home/dheeraj/dheerajj_horizon_s4/bonus task/src/mobile_dd_robot/install/mobile_dd_robot/share/ament_index/resource_index/package_run_dependencies/mobile_dd_robot
[0.521s] -- Installing: /home/dheeraj/dheerajj_horizon_s4/bonus task/src/mobile_dd_robot/install/mobile_dd_robot/share/ament_index/resource_index/parent_prefix_path/mobile_dd_robot
[0.521s] -- Installing: /home/dheeraj/dheerajj_horizon_s4/bonus task/src/mobile_dd_robot/install/mobile_dd_robot/share/mobile_dd_robot/environment/ament_prefix_path.sh
[0.521s] -- Installing: /home/dheeraj/dheerajj_horizon_s4/bonus task/src/mobile_dd_robot/install/mobile_dd_robot/share/mobile_dd_robot/environment/ament_prefix_path.dsv
[0.521s] -- Installing: /home/dheeraj/dheerajj_horizon_s4/bonus task/src/mobile_dd_robot/install/mobile_dd_robot/share/mobile_dd_robot/environment/path.sh
[0.521s] -- Installing: /home/dheeraj/dheerajj_horizon_s4/bonus task/src/mobile_dd_robot/install/mobile_dd_robot/share/mobile_dd_robot/environment/path.dsv
[0.521s] -- Installing: /home/dheeraj/dheerajj_horizon_s4/bonus task/src/mobile_dd_robot/install/mobile_dd_robot/share/mobile_dd_robot/local_setup.bash
[0.522s] -- Installing: /home/dheeraj/dheerajj_horizon_s4/bonus task/src/mobile_dd_robot/install/mobile_dd_robot/share/mobile_dd_robot/local_setup.sh
[0.522s] -- Installing: /home/dheeraj/dheerajj_horizon_s4/bonus task/src/mobile_dd_robot/install/mobile_dd_robot/share/mobile_dd_robot/local_setup.zsh
[0.522s] -- Installing: /home/dheeraj/dheerajj_horizon_s4/bonus task/src/mobile_dd_robot/install/mobile_dd_robot/share/mobile_dd_robot/local_setup.dsv
[0.522s] -- Installing: /home/dheeraj/dheerajj_horizon_s4/bonus task/src/mobile_dd_robot/install/mobile_dd_robot/share/mobile_dd_robot/package.dsv
[0.522s] -- Installing: /home/dheeraj/dheerajj_horizon_s4/bonus task/src/mobile_dd_robot/install/mobile_dd_robot/share/ament_index/resource_index/packages/mobile_dd_robot
[0.522s] -- Installing: /home/dheeraj/dheerajj_horizon_s4/bonus task/src/mobile_dd_robot/install/mobile_dd_robot/share/mobile_dd_robot/cmake/mobile_dd_robotConfig.cmake
[0.522s] -- Installing: /home/dheeraj/dheerajj_horizon_s4/bonus task/src/mobile_dd_robot/install/mobile_dd_robot/share/mobile_dd_robot/cmake/mobile_dd_robotConfig-version.cmake
[0.522s] -- Installing: /home/dheeraj/dheerajj_horizon_s4/bonus task/src/mobile_dd_robot/install/mobile_dd_robot/share/mobile_dd_robot/package.xml
[0.523s] Invoked command in '/home/dheeraj/dheerajj_horizon_s4/bonus task/src/mobile_dd_robot/build/mobile_dd_robot' returned '0': CMAKE_PREFIX_PATH=${CMAKE_PREFIX_PATH}:/opt/ros/humble /usr/bin/cmake --install /home/dheeraj/dheerajj_horizon_s4/bonus task/src/mobile_dd_robot/build/mobile_dd_robot
