[0.005s] Invoking command in '/home/dheeraj/ws_ddmobile/build/mobile_dd_robot': CMAKE_PREFIX_PATH=/opt/ros/humble /usr/bin/cmake /home/dheeraj/ws_ddmobile/src/mobile_dd_robot -DCMAKE_INSTALL_PREFIX=/home/dheeraj/ws_ddmobile/install/mobile_dd_robot
[0.038s] -- The C compiler identification is GNU 11.4.0
[0.072s] -- The CXX compiler identification is GNU 11.4.0
[0.076s] -- Detecting C compiler ABI info
[0.122s] -- Detecting C compiler ABI info - done
[0.127s] -- Check for working C compiler: /usr/bin/cc - skipped
[0.127s] -- Detecting C compile features
[0.127s] -- Detecting C compile features - done
[0.129s] -- Detecting CXX compiler ABI info
[0.177s] -- Detecting CXX compiler ABI info - done
[0.182s] -- Check for working CXX compiler: /usr/bin/c++ - skipped
[0.182s] -- Detecting CXX compile features
[0.182s] -- Detecting CXX compile features - done
[0.184s] -- Found ament_cmake: 1.3.11 (/opt/ros/humble/share/ament_cmake/cmake)
[0.276s] -- Found Python3: /usr/bin/python3 (found version "3.10.12") found components: Interpreter 
[0.327s] -- Found ament_lint_auto: 0.12.11 (/opt/ros/humble/share/ament_lint_auto/cmake)
[0.370s] -- Added test 'lint_cmake' to check CMake code style
[0.370s] -- Added test 'xmllint' to check XML markup files
[0.371s] -- Configuring done
[0.372s] -- Generating done
[0.373s] -- Build files have been written to: /home/dheeraj/ws_ddmobile/build/mobile_dd_robot
[0.375s] Invoked command in '/home/dheeraj/ws_ddmobile/build/mobile_dd_robot' returned '0': CMAKE_PREFIX_PATH=/opt/ros/humble /usr/bin/cmake /home/dheeraj/ws_ddmobile/src/mobile_dd_robot -DCMAKE_INSTALL_PREFIX=/home/dheeraj/ws_ddmobile/install/mobile_dd_robot
[0.376s] Invoking command in '/home/dheeraj/ws_ddmobile/build/mobile_dd_robot': CMAKE_PREFIX_PATH=/opt/ros/humble /usr/bin/cmake --build /home/dheeraj/ws_ddmobile/build/mobile_dd_robot -- -j16 -l16
[0.401s] Invoked command in '/home/dheeraj/ws_ddmobile/build/mobile_dd_robot' returned '0': CMAKE_PREFIX_PATH=/opt/ros/humble /usr/bin/cmake --build /home/dheeraj/ws_ddmobile/build/mobile_dd_robot -- -j16 -l16
[0.406s] Invoking command in '/home/dheeraj/ws_ddmobile/build/mobile_dd_robot': CMAKE_PREFIX_PATH=/opt/ros/humble /usr/bin/cmake --install /home/dheeraj/ws_ddmobile/build/mobile_dd_robot
[0.410s] -- Install configuration: ""
[0.410s] -- Installing: /home/dheeraj/ws_ddmobile/install/mobile_dd_robot/share/ament_index/resource_index/package_run_dependencies/mobile_dd_robot
[0.410s] -- Installing: /home/dheeraj/ws_ddmobile/install/mobile_dd_robot/share/ament_index/resource_index/parent_prefix_path/mobile_dd_robot
[0.410s] -- Installing: /home/dheeraj/ws_ddmobile/install/mobile_dd_robot/share/mobile_dd_robot/environment/ament_prefix_path.sh
[0.410s] -- Installing: /home/dheeraj/ws_ddmobile/install/mobile_dd_robot/share/mobile_dd_robot/environment/ament_prefix_path.dsv
[0.410s] -- Installing: /home/dheeraj/ws_ddmobile/install/mobile_dd_robot/share/mobile_dd_robot/environment/path.sh
[0.410s] -- Installing: /home/dheeraj/ws_ddmobile/install/mobile_dd_robot/share/mobile_dd_robot/environment/path.dsv
[0.410s] -- Installing: /home/dheeraj/ws_ddmobile/install/mobile_dd_robot/share/mobile_dd_robot/local_setup.bash
[0.410s] -- Installing: /home/dheeraj/ws_ddmobile/install/mobile_dd_robot/share/mobile_dd_robot/local_setup.sh
[0.410s] -- Installing: /home/dheeraj/ws_ddmobile/install/mobile_dd_robot/share/mobile_dd_robot/local_setup.zsh
[0.410s] -- Installing: /home/dheeraj/ws_ddmobile/install/mobile_dd_robot/share/mobile_dd_robot/local_setup.dsv
[0.410s] -- Installing: /home/dheeraj/ws_ddmobile/install/mobile_dd_robot/share/mobile_dd_robot/package.dsv
[0.411s] -- Installing: /home/dheeraj/ws_ddmobile/install/mobile_dd_robot/share/ament_index/resource_index/packages/mobile_dd_robot
[0.411s] -- Installing: /home/dheeraj/ws_ddmobile/install/mobile_dd_robot/share/mobile_dd_robot/cmake/mobile_dd_robotConfig.cmake
[0.411s] -- Installing: /home/dheeraj/ws_ddmobile/install/mobile_dd_robot/share/mobile_dd_robot/cmake/mobile_dd_robotConfig-version.cmake
[0.411s] -- Installing: /home/dheeraj/ws_ddmobile/install/mobile_dd_robot/share/mobile_dd_robot/package.xml
[0.412s] Invoked command in '/home/dheeraj/ws_ddmobile/build/mobile_dd_robot' returned '0': CMAKE_PREFIX_PATH=/opt/ros/humble /usr/bin/cmake --install /home/dheeraj/ws_ddmobile/build/mobile_dd_robot
